0 info it worked if it ends with ok
1 verbose cli [ 'node', '/usr/local/bin/npm', 'install', 'stylus', '-g' ]
2 info using npm@1.4.28
3 info using node@v0.10.35
4 verbose cache add [ 'stylus', null ]
5 verbose cache add name=undefined spec="stylus" args=["stylus",null]
6 verbose parsed url { protocol: null,
6 verbose parsed url   slashes: null,
6 verbose parsed url   auth: null,
6 verbose parsed url   host: null,
6 verbose parsed url   port: null,
6 verbose parsed url   hostname: null,
6 verbose parsed url   hash: null,
6 verbose parsed url   search: null,
6 verbose parsed url   query: null,
6 verbose parsed url   pathname: 'stylus',
6 verbose parsed url   path: 'stylus',
6 verbose parsed url   href: 'stylus' }
7 silly lockFile 27c0f414-stylus stylus
8 verbose lock stylus /Users/jakeseaton/.npm/27c0f414-stylus.lock
9 silly lockFile 27c0f414-stylus stylus
10 silly lockFile 27c0f414-stylus stylus
11 verbose addNamed [ 'stylus', '' ]
12 verbose addNamed [ null, '*' ]
13 silly lockFile 5140332e-stylus stylus@
14 verbose lock stylus@ /Users/jakeseaton/.npm/5140332e-stylus.lock
15 silly addNameRange { name: 'stylus', range: '*', hasData: false }
16 verbose request where is /stylus
17 verbose request registry https://registry.npmjs.org/
18 verbose request id de92dd9f7f5aafa1
19 verbose url raw /stylus
20 verbose url resolving [ 'https://registry.npmjs.org/', './stylus' ]
21 verbose url resolved https://registry.npmjs.org/stylus
22 verbose request where is https://registry.npmjs.org/stylus
23 info trying registry request attempt 1 at 10:16:53
24 verbose etag "1CW5C730KGDXFUHZ627TWR2LR"
25 http GET https://registry.npmjs.org/stylus
26 http 200 https://registry.npmjs.org/stylus
27 silly registry.get cb [ 200,
27 silly registry.get   { date: 'Sun, 18 Jan 2015 16:16:51 GMT',
27 silly registry.get     server: 'CouchDB/1.5.0 (Erlang OTP/R14B04)',
27 silly registry.get     etag: '"ALK8QFS5OLBIF4AN3N9PFVL9G"',
27 silly registry.get     'content-type': 'application/json',
27 silly registry.get     'cache-control': 'max-age=60',
27 silly registry.get     'content-length': '177264',
27 silly registry.get     'accept-ranges': 'bytes',
27 silly registry.get     via: '1.1 varnish',
27 silly registry.get     age: '30',
27 silly registry.get     'x-served-by': 'cache-ord1728-ORD',
27 silly registry.get     'x-cache': 'HIT',
27 silly registry.get     'x-cache-hits': '1',
27 silly registry.get     'x-timer': 'S1421597811.923462,VS0,VE0',
27 silly registry.get     vary: 'Accept',
27 silly registry.get     'keep-alive': 'timeout=10, max=50',
27 silly registry.get     connection: 'Keep-Alive' } ]
28 silly addNameRange number 2 { name: 'stylus', range: '*', hasData: true }
29 silly addNameRange versions [ 'stylus',
29 silly addNameRange   [ '0.0.1',
29 silly addNameRange     '0.0.2',
29 silly addNameRange     '0.1.0',
29 silly addNameRange     '0.2.0',
29 silly addNameRange     '0.2.1',
29 silly addNameRange     '0.3.0',
29 silly addNameRange     '0.3.1',
29 silly addNameRange     '0.4.0',
29 silly addNameRange     '0.4.1',
29 silly addNameRange     '0.5.0',
29 silly addNameRange     '0.5.1',
29 silly addNameRange     '0.5.2',
29 silly addNameRange     '0.5.3',
29 silly addNameRange     '0.6.0',
29 silly addNameRange     '0.6.2',
29 silly addNameRange     '0.6.3',
29 silly addNameRange     '0.6.4',
29 silly addNameRange     '0.6.5',
29 silly addNameRange     '0.6.6',
29 silly addNameRange     '0.6.7',
29 silly addNameRange     '0.7.0',
29 silly addNameRange     '0.7.1',
29 silly addNameRange     '0.7.2',
29 silly addNameRange     '0.7.3',
29 silly addNameRange     '0.7.4',
29 silly addNameRange     '0.8.0',
29 silly addNameRange     '0.9.0',
29 silly addNameRange     '0.9.1',
29 silly addNameRange     '0.9.2',
29 silly addNameRange     '0.10.0',
29 silly addNameRange     '0.11.0',
29 silly addNameRange     '0.11.1',
29 silly addNameRange     '0.11.2',
29 silly addNameRange     '0.11.3',
29 silly addNameRange     '0.11.4',
29 silly addNameRange     '0.11.5',
29 silly addNameRange     '0.11.6',
29 silly addNameRange     '0.11.7',
29 silly addNameRange     '0.11.8',
29 silly addNameRange     '0.11.9',
29 silly addNameRange     '0.11.10',
29 silly addNameRange     '0.11.11',
29 silly addNameRange     '0.11.12',
29 silly addNameRange     '0.12.0',
29 silly addNameRange     '0.12.1',
29 silly addNameRange     '0.12.2',
29 silly addNameRange     '0.12.3',
29 silly addNameRange     '0.12.4',
29 silly addNameRange     '0.13.0',
29 silly addNameRange     '0.13.1',
29 silly addNameRange     '0.13.2',
29 silly addNameRange     '0.13.3',
29 silly addNameRange     '0.13.4',
29 silly addNameRange     '0.13.5',
29 silly addNameRange     '0.13.6',
29 silly addNameRange     '0.13.7',
29 silly addNameRange     '0.13.8',
29 silly addNameRange     '0.13.9',
29 silly addNameRange     '0.14.0',
29 silly addNameRange     '0.15.0',
29 silly addNameRange     '0.15.1',
29 silly addNameRange     '0.15.2',
29 silly addNameRange     '0.15.3',
29 silly addNameRange     '0.15.4',
29 silly addNameRange     '0.16.0',
29 silly addNameRange     '0.17.0',
29 silly addNameRange     '0.18.0',
29 silly addNameRange     '0.19.0',
29 silly addNameRange     '0.19.1',
29 silly addNameRange     '0.19.2',
29 silly addNameRange     '0.19.3',
29 silly addNameRange     '0.19.4',
29 silly addNameRange     '0.19.5',
29 silly addNameRange     '0.19.6',
29 silly addNameRange     '0.19.7',
29 silly addNameRange     '0.19.8',
29 silly addNameRange     '0.20.0',
29 silly addNameRange     '0.20.1',
29 silly addNameRange     '0.21.0',
29 silly addNameRange     '0.21.1',
29 silly addNameRange     '0.21.2',
29 silly addNameRange     '0.22.0',
29 silly addNameRange     '0.22.1',
29 silly addNameRange     '0.22.2',
29 silly addNameRange     '0.22.3',
29 silly addNameRange     '0.22.4',
29 silly addNameRange     '0.22.5',
29 silly addNameRange     '0.22.6',
29 silly addNameRange     '0.23.0',
29 silly addNameRange     '0.24.0',
29 silly addNameRange     '0.25.0',
29 silly addNameRange     '0.26.0',
29 silly addNameRange     '0.26.1',
29 silly addNameRange     '0.27.0',
29 silly addNameRange     '0.27.1',
29 silly addNameRange     '0.27.2',
29 silly addNameRange     '0.28.0',
29 silly addNameRange     '0.28.1',
29 silly addNameRange     '0.28.2',
29 silly addNameRange     '0.29.0',
29 silly addNameRange     '0.30.0',
29 silly addNameRange     '0.30.1',
29 silly addNameRange     '0.31.0',
29 silly addNameRange     '0.32.0',
29 silly addNameRange     '0.32.1',
29 silly addNameRange     '0.33.0',
29 silly addNameRange     '0.33.1',
29 silly addNameRange     '0.34.0',
29 silly addNameRange     '0.34.1',
29 silly addNameRange     '0.35.0',
29 silly addNameRange     '0.35.1',
29 silly addNameRange     '0.36.0',
29 silly addNameRange     '0.36.1',
29 silly addNameRange     '0.37.0',
29 silly addNameRange     '0.38.0',
29 silly addNameRange     '0.39.0',
29 silly addNameRange     '0.39.1',
29 silly addNameRange     '0.39.2',
29 silly addNameRange     '0.39.3',
29 silly addNameRange     '0.39.4',
29 silly addNameRange     '0.40.0',
29 silly addNameRange     '0.40.1',
29 silly addNameRange     '0.40.2',
29 silly addNameRange     '0.40.3',
29 silly addNameRange     '0.41.0',
29 silly addNameRange     '0.41.1',
29 silly addNameRange     '0.41.2',
29 silly addNameRange     '0.41.3',
29 silly addNameRange     '0.42.0',
29 silly addNameRange     '0.42.1',
29 silly addNameRange     '0.42.2',
29 silly addNameRange     '0.42.3',
29 silly addNameRange     '0.43.0',
29 silly addNameRange     '0.44.0-beta',
29 silly addNameRange     '0.43.1',
29 silly addNameRange     '0.44.0-beta2',
29 silly addNameRange     '0.44.0-beta3',
29 silly addNameRange     '0.44.0',
29 silly addNameRange     '0.45.0',
29 silly addNameRange     '0.45.1',
29 silly addNameRange     '0.46.0',
29 silly addNameRange     '0.46.1',
29 silly addNameRange     '0.46.2',
29 silly addNameRange     '0.46.3',
29 silly addNameRange     '0.47.0',
29 silly addNameRange     '0.47.1',
29 silly addNameRange     '0.47.2',
29 silly addNameRange     '0.47.3',
29 silly addNameRange     '0.48.0',
29 silly addNameRange     '0.48.1',
29 silly addNameRange     '0.49.0',
29 silly addNameRange     '0.49.1',
29 silly addNameRange     '0.49.2',
29 silly addNameRange     '0.49.3' ] ]
30 verbose addNamed [ 'stylus', '0.49.3' ]
31 verbose addNamed [ '0.49.3', '0.49.3' ]
32 silly lockFile 8c45e69b-stylus-0-49-3 stylus@0.49.3
33 verbose lock stylus@0.49.3 /Users/jakeseaton/.npm/8c45e69b-stylus-0-49-3.lock
34 silly lockFile 8c45e69b-stylus-0-49-3 stylus@0.49.3
35 silly lockFile 8c45e69b-stylus-0-49-3 stylus@0.49.3
36 silly lockFile 5140332e-stylus stylus@
37 silly lockFile 5140332e-stylus stylus@
38 silly resolved [ { name: 'stylus',
38 silly resolved     description: 'Robust, expressive, and feature-rich CSS superset',
38 silly resolved     version: '0.49.3',
38 silly resolved     author: { name: 'TJ Holowaychuk', email: 'tj@vision-media.ca' },
38 silly resolved     keywords: [ 'css', 'parser', 'style', 'stylesheets', 'jade', 'language' ],
38 silly resolved     repository: { type: 'git', url: 'git://github.com/LearnBoost/stylus' },
38 silly resolved     main: './index.js',
38 silly resolved     browserify: './lib/browserify.js',
38 silly resolved     engines: { node: '*' },
38 silly resolved     bin: { stylus: './bin/stylus' },
38 silly resolved     scripts:
38 silly resolved      { prepublish: 'npm prune',
38 silly resolved        test: 'mocha test/ test/middleware/ --require should --bail --reporter dot',
38 silly resolved        'test-cov': 'mocha test/ test/middleware/ --require should --bail --reporter html-cov > coverage.html' },
38 silly resolved     dependencies:
38 silly resolved      { 'css-parse': '1.7.x',
38 silly resolved        mkdirp: '0.3.x',
38 silly resolved        debug: '*',
38 silly resolved        sax: '0.5.x',
38 silly resolved        glob: '3.2.x',
38 silly resolved        'source-map': '0.1.x' },
38 silly resolved     devDependencies: { should: '2.x', mocha: '*', jscoverage: '0.3.8' },
38 silly resolved     bugs: { url: 'https://github.com/LearnBoost/stylus/issues' },
38 silly resolved     homepage: 'https://github.com/LearnBoost/stylus',
38 silly resolved     directories: { doc: 'docs', example: 'examples', test: 'test' },
38 silly resolved     license: 'MIT',
38 silly resolved     _id: 'stylus@0.49.3',
38 silly resolved     _shasum: '1fbdabe479ed460872c71a6252a67f95040ba511',
38 silly resolved     _from: 'stylus@',
38 silly resolved     _npmVersion: '1.4.9',
38 silly resolved     _npmUser: { name: 'kizu', email: 'kizmarh@ya.ru' },
38 silly resolved     maintainers: [ [Object], [Object] ],
38 silly resolved     dist:
38 silly resolved      { shasum: '1fbdabe479ed460872c71a6252a67f95040ba511',
38 silly resolved        tarball: 'http://registry.npmjs.org/stylus/-/stylus-0.49.3.tgz' },
38 silly resolved     _resolved: 'https://registry.npmjs.org/stylus/-/stylus-0.49.3.tgz',
38 silly resolved     readme: 'ERROR: No README data found!' } ]
39 info install stylus@0.49.3 into /usr/local/lib
40 info installOne stylus@0.49.3
41 verbose lib/node_modules/stylus unbuild
42 verbose tar unpack /Users/jakeseaton/.npm/stylus/0.49.3/package.tgz
43 silly lockFile 4aac4a2d-sr-local-lib-node-modules-stylus tar:///usr/local/lib/node_modules/stylus
44 verbose lock tar:///usr/local/lib/node_modules/stylus /Users/jakeseaton/.npm/4aac4a2d-sr-local-lib-node-modules-stylus.lock
45 silly lockFile 764da37a-on-npm-stylus-0-49-3-package-tgz tar:///Users/jakeseaton/.npm/stylus/0.49.3/package.tgz
46 verbose lock tar:///Users/jakeseaton/.npm/stylus/0.49.3/package.tgz /Users/jakeseaton/.npm/764da37a-on-npm-stylus-0-49-3-package-tgz.lock
47 silly gunzTarPerm modes [ '755', '644' ]
48 error Error: EACCES, mkdir '/usr/local/lib/node_modules/stylus'
48 error  { [Error: EACCES, mkdir '/usr/local/lib/node_modules/stylus']
48 error   errno: 3,
48 error   code: 'EACCES',
48 error   path: '/usr/local/lib/node_modules/stylus',
48 error   fstream_type: 'Directory',
48 error   fstream_path: '/usr/local/lib/node_modules/stylus',
48 error   fstream_class: 'DirWriter',
48 error   fstream_stack:
48 error    [ '/usr/local/lib/node_modules/npm/node_modules/fstream/lib/dir-writer.js:36:23',
48 error      '/usr/local/lib/node_modules/npm/node_modules/mkdirp/index.js:46:53',
48 error      'Object.oncomplete (fs.js:108:15)' ] }
49 error Please try running this command again as root/Administrator.
50 error System Darwin 14.0.0
51 error command "node" "/usr/local/bin/npm" "install" "stylus" "-g"
52 error cwd /Users/jakeseaton/Dropbox/jakeseaton.github.io
53 error node -v v0.10.35
54 error npm -v 1.4.28
55 error path /usr/local/lib/node_modules/stylus
56 error fstream_path /usr/local/lib/node_modules/stylus
57 error fstream_type Directory
58 error fstream_class DirWriter
59 error code EACCES
60 error errno 3
61 error stack Error: EACCES, mkdir '/usr/local/lib/node_modules/stylus'
62 error fstream_stack /usr/local/lib/node_modules/npm/node_modules/fstream/lib/dir-writer.js:36:23
62 error fstream_stack /usr/local/lib/node_modules/npm/node_modules/mkdirp/index.js:46:53
62 error fstream_stack Object.oncomplete (fs.js:108:15)
63 verbose exit [ 3, true ]
